<?xml version="1.0"?>
<order>
	<book ISBN="0942407296">
		<title>Baking Extravagant Pastries with Kumquats</title>
		<author>
			<lastName>Contino</lastName>
			<firstName>Chuck</firstName>
		</author>
		<pageCount>238</pageCount>
	</book>
	<book ISBN="0865436401" publisher="Prentice Hall">
		<title>Emu Care and Breeding</title>
		<editor>
			<lastName>Case</lastName>
			<firstName>Justin</firstName>
		</editor>
		<pageCount>115</pageCount>
	</book>
</order>
